<?xml version="1.0" encoding="UTF-8"?>
<coverage generated="1678742856078" clover="3.2.0">
  <project timestamp="1678742856078" name="All files">
    <metrics statements="37" coveredstatements="36" conditionals="9" coveredconditionals="4" methods="11" coveredmethods="10" elements="57" coveredelements="50" complexity="0" loc="37" ncloc="37" packages="3" files="4" classes="4"/>
    <package name="src">
      <metrics statements="28" coveredstatements="28" conditionals="9" coveredconditionals="4" methods="7" coveredmethods="7"/>
      <file name="LoggerManager.ts" path="H:\git\discord-logger\src\LoggerManager.ts">
        <metrics statements="26" coveredstatements="26" conditionals="9" coveredconditionals="4" methods="7" coveredmethods="7"/>
        <line num="5" count="1" type="stmt"/>
        <line num="14" count="9" type="cond" truecount="0" falsecount="1"/>
        <line num="16" count="9" type="stmt"/>
        <line num="17" count="9" type="stmt"/>
        <line num="18" count="9" type="stmt"/>
        <line num="25" count="16" type="stmt"/>
        <line num="29" count="6" type="stmt"/>
        <line num="33" count="22" type="stmt"/>
        <line num="34" count="22" type="cond" truecount="0" falsecount="1"/>
        <line num="39" count="22" type="stmt"/>
        <line num="40" count="22" type="cond" truecount="1" falsecount="0"/>
        <line num="41" count="18" type="stmt"/>
        <line num="47" count="22" type="cond" truecount="1" falsecount="0"/>
        <line num="49" count="18" type="stmt"/>
        <line num="50" count="18" type="stmt"/>
        <line num="52" count="18" type="stmt"/>
        <line num="56" count="8" type="stmt"/>
        <line num="57" count="8" type="cond" truecount="0" falsecount="1"/>
        <line num="62" count="8" type="stmt"/>
        <line num="63" count="8" type="cond" truecount="1" falsecount="0"/>
        <line num="65" count="5" type="stmt"/>
        <line num="66" count="5" type="cond" truecount="0" falsecount="1"/>
        <line num="68" count="5" type="stmt"/>
        <line num="69" count="5" type="cond" truecount="1" falsecount="0"/>
        <line num="70" count="5" type="stmt"/>
        <line num="73" count="5" type="stmt"/>
      </file>
      <file name="index.ts" path="H:\git\discord-logger\src\index.ts">
        <metrics statements="2" coveredstatements="2" conditionals="0" coveredconditionals="0" methods="0" coveredmethods="0"/>
        <line num="1" count="1" type="stmt"/>
        <line num="2" count="1" type="stmt"/>
      </file>
    </package>
    <package name="src.types">
      <metrics statements="1" coveredstatements="1" conditionals="0" coveredconditionals="0" methods="0" coveredmethods="0"/>
      <file name="index.ts" path="H:\git\discord-logger\src\types\index.ts">
        <metrics statements="1" coveredstatements="1" conditionals="0" coveredconditionals="0" methods="0" coveredmethods="0"/>
        <line num="1" count="1" type="stmt"/>
      </file>
    </package>
    <package name="tests">
      <metrics statements="8" coveredstatements="7" conditionals="0" coveredconditionals="0" methods="4" coveredmethods="3"/>
      <file name="_global.ts" path="H:\git\discord-logger\tests\_global.ts">
        <metrics statements="8" coveredstatements="7" conditionals="0" coveredconditionals="0" methods="4" coveredmethods="3"/>
        <line num="4" count="1" type="stmt"/>
        <line num="5" count="33" type="stmt"/>
        <line num="6" count="33" type="stmt"/>
        <line num="7" count="0" type="stmt"/>
        <line num="11" count="1" type="stmt"/>
        <line num="12" count="11" type="stmt"/>
        <line num="15" count="1" type="stmt"/>
        <line num="16" count="42" type="stmt"/>
      </file>
    </package>
  </project>
</coverage>
