<?xml version="1.0" encoding="UTF-8"?>
<coverage generated="1718760056951" clover="3.2.0">
  <project timestamp="1718760056951" name="All files">
    <metrics statements="27" coveredstatements="27" conditionals="8" coveredconditionals="6" methods="5" coveredmethods="5" elements="40" coveredelements="38" complexity="0" loc="27" ncloc="27" packages="1" files="1" classes="1"/>
    <file name="LoggerManager.ts" path="H:\git\Personnel\Discord\discord-logger\src\LoggerManager.ts">
      <metrics statements="27" coveredstatements="27" conditionals="8" coveredconditionals="6" methods="5" coveredmethods="5"/>
      <line num="14" count="16" type="stmt"/>
      <line num="15" count="16" type="stmt"/>
      <line num="16" count="16" type="stmt"/>
      <line num="23" count="5" type="stmt"/>
      <line num="24" count="16" type="stmt"/>
      <line num="29" count="2" type="stmt"/>
      <line num="30" count="6" type="stmt"/>
      <line num="35" count="25" type="stmt"/>
      <line num="36" count="25" type="cond" truecount="1" falsecount="0"/>
      <line num="41" count="22" type="stmt"/>
      <line num="42" count="22" type="cond" truecount="1" falsecount="0"/>
      <line num="43" count="18" type="stmt"/>
      <line num="44" count="18" type="stmt"/>
      <line num="50" count="22" type="cond" truecount="1" falsecount="0"/>
      <line num="52" count="18" type="stmt"/>
      <line num="53" count="18" type="stmt"/>
      <line num="55" count="18" type="stmt"/>
      <line num="59" count="12" type="stmt"/>
      <line num="60" count="12" type="cond" truecount="1" falsecount="0"/>
      <line num="65" count="9" type="stmt"/>
      <line num="66" count="9" type="cond" truecount="1" falsecount="0"/>
      <line num="68" count="5" type="stmt"/>
      <line num="69" count="5" type="cond" truecount="0" falsecount="1"/>
      <line num="71" count="5" type="stmt"/>
      <line num="72" count="5" type="cond" truecount="1" falsecount="0"/>
      <line num="73" count="5" type="stmt"/>
      <line num="76" count="5" type="stmt"/>
    </file>
  </project>
</coverage>
