{"H:\\git\\Personnel\\Discord\\discord-logger\\src\\LoggerManager.ts": {"path":"H:\\git\\Personnel\\Discord\\discord-logger\\src\\LoggerManager.ts","statementMap":{"0":{"start":{"line":14,"column":8},"end":{"line":14,"column":30}},"1":{"start":{"line":15,"column":8},"end":{"line":15,"column":32}},"2":{"start":{"line":16,"column":8},"end":{"line":19,"column":12}},"3":{"start":{"line":23,"column":8},"end":{"line":25,"column":9}},"4":{"start":{"line":24,"column":12},"end":{"line":24,"column":51}},"5":{"start":{"line":29,"column":8},"end":{"line":31,"column":9}},"6":{"start":{"line":30,"column":12},"end":{"line":30,"column":53}},"7":{"start":{"line":35,"column":56},"end":{"line":35,"column":77}},"8":{"start":{"line":36,"column":8},"end":{"line":36,"column":28}},"9":{"start":{"line":36,"column":21},"end":{"line":36,"column":28}},"10":{"start":{"line":41,"column":21},"end":{"line":41,"column":73}},"11":{"start":{"line":42,"column":8},"end":{"line":48,"column":9}},"12":{"start":{"line":43,"column":12},"end":{"line":43,"column":41}},"13":{"start":{"line":44,"column":12},"end":{"line":47,"column":14}},"14":{"start":{"line":50,"column":8},"end":{"line":50,"column":49}},"15":{"start":{"line":50,"column":42},"end":{"line":50,"column":49}},"16":{"start":{"line":52,"column":28},"end":{"line":52,"column":47}},"17":{"start":{"line":53,"column":8},"end":{"line":53,"column":50}},"18":{"start":{"line":55,"column":8},"end":{"line":55,"column":53}},"19":{"start":{"line":59,"column":56},"end":{"line":59,"column":77}},"20":{"start":{"line":60,"column":8},"end":{"line":60,"column":28}},"21":{"start":{"line":60,"column":21},"end":{"line":60,"column":28}},"22":{"start":{"line":65,"column":21},"end":{"line":65,"column":73}},"23":{"start":{"line":66,"column":8},"end":{"line":66,"column":38}},"24":{"start":{"line":66,"column":31},"end":{"line":66,"column":38}},"25":{"start":{"line":68,"column":28},"end":{"line":68,"column":56}},"26":{"start":{"line":69,"column":8},"end":{"line":69,"column":33}},"27":{"start":{"line":69,"column":26},"end":{"line":69,"column":33}},"28":{"start":{"line":71,"column":8},"end":{"line":71,"column":40}},"29":{"start":{"line":72,"column":8},"end":{"line":74,"column":9}},"30":{"start":{"line":73,"column":12},"end":{"line":73,"column":68}},"31":{"start":{"line":76,"column":8},"end":{"line":76,"column":56}}},"fnMap":{"0":{"name":"(anonymous_0)","decl":{"start":{"line":13,"column":4},"end":{"line":13,"column":16}},"loc":{"start":{"line":13,"column":64},"end":{"line":20,"column":5}}},"1":{"name":"(anonymous_1)","decl":{"start":{"line":22,"column":11},"end":{"line":22,"column":33}},"loc":{"start":{"line":22,"column":46},"end":{"line":26,"column":5}}},"2":{"name":"(anonymous_2)","decl":{"start":{"line":28,"column":11},"end":{"line":28,"column":35}},"loc":{"start":{"line":28,"column":48},"end":{"line":32,"column":5}}},"3":{"name":"(anonymous_3)","decl":{"start":{"line":34,"column":11},"end":{"line":34,"column":29}},"loc":{"start":{"line":34,"column":68},"end":{"line":56,"column":5}}},"4":{"name":"(anonymous_4)","decl":{"start":{"line":58,"column":11},"end":{"line":58,"column":31}},"loc":{"start":{"line":58,"column":70},"end":{"line":77,"column":5}}}},"branchMap":{"0":{"loc":{"start":{"line":13,"column":32},"end":{"line":13,"column":64}},"type":"default-arg","locations":[{"start":{"line":13,"column":62},"end":{"line":13,"column":64}}]},"1":{"loc":{"start":{"line":36,"column":8},"end":{"line":36,"column":28}},"type":"if","locations":[{"start":{"line":36,"column":8},"end":{"line":36,"column":28}}]},"2":{"loc":{"start":{"line":42,"column":8},"end":{"line":48,"column":9}},"type":"if","locations":[{"start":{"line":42,"column":8},"end":{"line":48,"column":9}}]},"3":{"loc":{"start":{"line":50,"column":8},"end":{"line":50,"column":49}},"type":"if","locations":[{"start":{"line":50,"column":8},"end":{"line":50,"column":49}}]},"4":{"loc":{"start":{"line":60,"column":8},"end":{"line":60,"column":28}},"type":"if","locations":[{"start":{"line":60,"column":8},"end":{"line":60,"column":28}}]},"5":{"loc":{"start":{"line":66,"column":8},"end":{"line":66,"column":38}},"type":"if","locations":[{"start":{"line":66,"column":8},"end":{"line":66,"column":38}}]},"6":{"loc":{"start":{"line":69,"column":8},"end":{"line":69,"column":33}},"type":"if","locations":[{"start":{"line":69,"column":8},"end":{"line":69,"column":33}}]},"7":{"loc":{"start":{"line":72,"column":8},"end":{"line":74,"column":9}},"type":"if","locations":[{"start":{"line":72,"column":8},"end":{"line":74,"column":9}}]}},"s":{"0":16,"1":16,"2":16,"3":5,"4":16,"5":2,"6":6,"7":25,"8":25,"9":3,"10":22,"11":22,"12":18,"13":18,"14":22,"15":4,"16":18,"17":18,"18":18,"19":12,"20":12,"21":3,"22":9,"23":9,"24":4,"25":5,"26":5,"27":0,"28":5,"29":5,"30":5,"31":5},"f":{"0":16,"1":5,"2":2,"3":25,"4":12},"b":{"0":[0],"1":[3],"2":[18],"3":[4],"4":[3],"5":[4],"6":[0],"7":[5]}}
}
