{"H:\\git\\discord-logger\\src\\LoggerManager.ts": {"path":"H:\\git\\discord-logger\\src\\LoggerManager.ts","statementMap":{"0":{"start":{"line":14,"column":4},"end":{"line":14,"column":63}},"1":{"start":{"line":14,"column":17},"end":{"line":14,"column":63}},"2":{"start":{"line":16,"column":4},"end":{"line":16,"column":26}},"3":{"start":{"line":17,"column":4},"end":{"line":17,"column":28}},"4":{"start":{"line":18,"column":4},"end":{"line":21,"column":8}},"5":{"start":{"line":25,"column":4},"end":{"line":25,"column":78}},"6":{"start":{"line":25,"column":38},"end":{"line":25,"column":76}},"7":{"start":{"line":29,"column":4},"end":{"line":29,"column":80}},"8":{"start":{"line":29,"column":38},"end":{"line":29,"column":78}},"9":{"start":{"line":33,"column":52},"end":{"line":33,"column":73}},"10":{"start":{"line":34,"column":4},"end":{"line":34,"column":37}},"11":{"start":{"line":34,"column":30},"end":{"line":34,"column":37}},"12":{"start":{"line":39,"column":15},"end":{"line":39,"column":67}},"13":{"start":{"line":40,"column":4},"end":{"line":45,"column":null}},"14":{"start":{"line":41,"column":6},"end":{"line":44,"column":8}},"15":{"start":{"line":47,"column":4},"end":{"line":47,"column":45}},"16":{"start":{"line":47,"column":38},"end":{"line":47,"column":45}},"17":{"start":{"line":49,"column":24},"end":{"line":49,"column":43}},"18":{"start":{"line":50,"column":4},"end":{"line":50,"column":46}},"19":{"start":{"line":52,"column":4},"end":{"line":52,"column":49}},"20":{"start":{"line":56,"column":52},"end":{"line":56,"column":73}},"21":{"start":{"line":57,"column":4},"end":{"line":57,"column":37}},"22":{"start":{"line":57,"column":30},"end":{"line":57,"column":37}},"23":{"start":{"line":62,"column":15},"end":{"line":62,"column":67}},"24":{"start":{"line":63,"column":4},"end":{"line":63,"column":47}},"25":{"start":{"line":63,"column":40},"end":{"line":63,"column":47}},"26":{"start":{"line":65,"column":24},"end":{"line":65,"column":52}},"27":{"start":{"line":66,"column":4},"end":{"line":66,"column":42}},"28":{"start":{"line":66,"column":35},"end":{"line":66,"column":42}},"29":{"start":{"line":68,"column":4},"end":{"line":68,"column":36}},"30":{"start":{"line":69,"column":4},"end":{"line":71,"column":null}},"31":{"start":{"line":70,"column":6},"end":{"line":70,"column":62}},"32":{"start":{"line":73,"column":4},"end":{"line":73,"column":52}},"33":{"start":{"line":5,"column":0},"end":{"line":5,"column":13}}},"fnMap":{"0":{"name":"(anonymous_0)","decl":{"start":{"line":13,"column":2},"end":{"line":13,"column":14}},"loc":{"start":{"line":13,"column":62},"end":{"line":22,"column":3}}},"1":{"name":"(anonymous_1)","decl":{"start":{"line":24,"column":9},"end":{"line":24,"column":31}},"loc":{"start":{"line":24,"column":44},"end":{"line":26,"column":3}}},"2":{"name":"(anonymous_2)","decl":{"start":{"line":25,"column":26},"end":{"line":25,"column":27}},"loc":{"start":{"line":25,"column":38},"end":{"line":25,"column":76}}},"3":{"name":"(anonymous_3)","decl":{"start":{"line":28,"column":9},"end":{"line":28,"column":33}},"loc":{"start":{"line":28,"column":46},"end":{"line":30,"column":3}}},"4":{"name":"(anonymous_4)","decl":{"start":{"line":29,"column":26},"end":{"line":29,"column":27}},"loc":{"start":{"line":29,"column":38},"end":{"line":29,"column":78}}},"5":{"name":"(anonymous_5)","decl":{"start":{"line":32,"column":9},"end":{"line":32,"column":27}},"loc":{"start":{"line":32,"column":66},"end":{"line":53,"column":3}}},"6":{"name":"(anonymous_6)","decl":{"start":{"line":55,"column":9},"end":{"line":55,"column":29}},"loc":{"start":{"line":55,"column":68},"end":{"line":74,"column":3}}}},"branchMap":{"0":{"loc":{"start":{"line":13,"column":30},"end":{"line":13,"column":62}},"type":"default-arg","locations":[{"start":{"line":13,"column":60},"end":{"line":13,"column":62}}]},"1":{"loc":{"start":{"line":14,"column":4},"end":{"line":14,"column":63}},"type":"if","locations":[{"start":{"line":14,"column":4},"end":{"line":14,"column":63}}]},"2":{"loc":{"start":{"line":34,"column":4},"end":{"line":34,"column":37}},"type":"if","locations":[{"start":{"line":34,"column":4},"end":{"line":34,"column":37}}]},"3":{"loc":{"start":{"line":40,"column":4},"end":{"line":45,"column":null}},"type":"if","locations":[{"start":{"line":40,"column":4},"end":{"line":45,"column":null}}]},"4":{"loc":{"start":{"line":47,"column":4},"end":{"line":47,"column":45}},"type":"if","locations":[{"start":{"line":47,"column":4},"end":{"line":47,"column":45}}]},"5":{"loc":{"start":{"line":57,"column":4},"end":{"line":57,"column":37}},"type":"if","locations":[{"start":{"line":57,"column":4},"end":{"line":57,"column":37}}]},"6":{"loc":{"start":{"line":63,"column":4},"end":{"line":63,"column":47}},"type":"if","locations":[{"start":{"line":63,"column":4},"end":{"line":63,"column":47}}]},"7":{"loc":{"start":{"line":66,"column":4},"end":{"line":66,"column":42}},"type":"if","locations":[{"start":{"line":66,"column":4},"end":{"line":66,"column":42}}]},"8":{"loc":{"start":{"line":69,"column":4},"end":{"line":71,"column":null}},"type":"if","locations":[{"start":{"line":69,"column":4},"end":{"line":71,"column":null}}]}},"s":{"0":9,"1":0,"2":9,"3":9,"4":9,"5":5,"6":16,"7":2,"8":6,"9":22,"10":22,"11":0,"12":22,"13":22,"14":18,"15":22,"16":4,"17":18,"18":18,"19":18,"20":8,"21":8,"22":0,"23":8,"24":8,"25":3,"26":5,"27":5,"28":0,"29":5,"30":5,"31":5,"32":5,"33":1},"f":{"0":9,"1":5,"2":16,"3":2,"4":6,"5":22,"6":8},"b":{"0":[0],"1":[0],"2":[0],"3":[18],"4":[4],"5":[0],"6":[3],"7":[0],"8":[5]}}
,"H:\\git\\discord-logger\\src\\index.ts": {"path":"H:\\git\\discord-logger\\src\\index.ts","statementMap":{"0":{"start":{"line":1,"column":0},"end":{"line":1,"column":32}},"1":{"start":{"line":2,"column":0},"end":{"line":2,"column":24}}},"fnMap":{},"branchMap":{},"s":{"0":1,"1":1},"f":{},"b":{}}
,"H:\\git\\discord-logger\\src\\types\\index.ts": {"path":"H:\\git\\discord-logger\\src\\types\\index.ts","statementMap":{"0":{"start":{"line":1,"column":0},"end":{"line":1,"column":26}}},"fnMap":{},"branchMap":{},"s":{"0":1},"f":{},"b":{}}
,"H:\\git\\discord-logger\\tests\\_global.ts": {"path":"H:\\git\\discord-logger\\tests\\_global.ts","statementMap":{"0":{"start":{"line":5,"column":16},"end":{"line":5,"column":30}},"1":{"start":{"line":6,"column":2},"end":{"line":8,"column":4}},"2":{"start":{"line":7,"column":27},"end":{"line":7,"column":36}},"3":{"start":{"line":4,"column":0},"end":{"line":4,"column":16}},"4":{"start":{"line":12,"column":2},"end":{"line":12,"column":76}},"5":{"start":{"line":11,"column":0},"end":{"line":11,"column":16}},"6":{"start":{"line":16,"column":2},"end":{"line":16,"column":25}},"7":{"start":{"line":15,"column":0},"end":{"line":15,"column":16}}},"fnMap":{"0":{"name":"generateTestModule","decl":{"start":{"line":4,"column":16},"end":{"line":4,"column":34}},"loc":{"start":{"line":4,"column":34},"end":{"line":9,"column":1}}},"1":{"name":"(anonymous_1)","decl":{"start":{"line":7,"column":21},"end":{"line":7,"column":24}},"loc":{"start":{"line":7,"column":27},"end":{"line":7,"column":36}}},"2":{"name":"generateTestModules","decl":{"start":{"line":11,"column":16},"end":{"line":11,"column":35}},"loc":{"start":{"line":11,"column":35},"end":{"line":13,"column":1}}},"3":{"name":"getTestEvent","decl":{"start":{"line":15,"column":16},"end":{"line":15,"column":28}},"loc":{"start":{"line":15,"column":28},"end":{"line":17,"column":1}}}},"branchMap":{},"s":{"0":33,"1":33,"2":0,"3":1,"4":11,"5":1,"6":42,"7":1},"f":{"0":33,"1":0,"2":11,"3":42},"b":{}}
}
