TN:
SF:src\LoggerManager.ts
FN:13,(anonymous_0)
FN:24,(anonymous_1)
FN:25,(anonymous_2)
FN:28,(anonymous_3)
FN:29,(anonymous_4)
FN:32,(anonymous_5)
FN:55,(anonymous_6)
FNF:7
FNH:7
FNDA:9,(anonymous_0)
FNDA:5,(anonymous_1)
FNDA:16,(anonymous_2)
FNDA:2,(anonymous_3)
FNDA:6,(anonymous_4)
FNDA:22,(anonymous_5)
FNDA:8,(anonymous_6)
DA:5,1
DA:14,9
DA:16,9
DA:17,9
DA:18,9
DA:25,16
DA:29,6
DA:33,22
DA:34,22
DA:39,22
DA:40,22
DA:41,18
DA:47,22
DA:49,18
DA:50,18
DA:52,18
DA:56,8
DA:57,8
DA:62,8
DA:63,8
DA:65,5
DA:66,5
DA:68,5
DA:69,5
DA:70,5
DA:73,5
LF:26
LH:26
BRDA:13,0,0,0
BRDA:14,1,0,0
BRDA:34,2,0,0
BRDA:40,3,0,18
BRDA:47,4,0,4
BRDA:57,5,0,0
BRDA:63,6,0,3
BRDA:66,7,0,0
BRDA:69,8,0,5
BRF:9
BRH:4
end_of_record
TN:
SF:src\index.ts
FNF:0
FNH:0
DA:1,1
DA:2,1
LF:2
LH:2
BRF:0
BRH:0
end_of_record
TN:
SF:src\types\index.ts
FNF:0
FNH:0
DA:1,1
LF:1
LH:1
BRF:0
BRH:0
end_of_record
TN:
SF:tests\_global.ts
FN:4,generateTestModule
FN:7,(anonymous_1)
FN:11,generateTestModules
FN:15,getTestEvent
FNF:4
FNH:3
FNDA:33,generateTestModule
FNDA:0,(anonymous_1)
FNDA:11,generateTestModules
FNDA:42,getTestEvent
DA:4,1
DA:5,33
DA:6,33
DA:7,0
DA:11,1
DA:12,11
DA:15,1
DA:16,42
LF:8
LH:7
BRF:0
BRH:0
end_of_record
