TN:
SF:src\LoggerManager.ts
FN:13,(anonymous_0)
FN:22,(anonymous_1)
FN:23,(anonymous_2)
FN:26,(anonymous_3)
FN:27,(anonymous_4)
FN:30,(anonymous_5)
FN:53,(anonymous_6)
FNF:7
FNH:7
FNDA:16,(anonymous_0)
FNDA:5,(anonymous_1)
FNDA:16,(anonymous_2)
FNDA:2,(anonymous_3)
FNDA:6,(anonymous_4)
FNDA:25,(anonymous_5)
FNDA:12,(anonymous_6)
DA:5,1
DA:14,16
DA:15,16
DA:16,16
DA:23,16
DA:27,6
DA:31,25
DA:32,25
DA:37,22
DA:38,22
DA:39,18
DA:45,22
DA:47,18
DA:48,18
DA:50,18
DA:54,12
DA:55,12
DA:60,9
DA:61,9
DA:63,5
DA:64,5
DA:66,5
DA:67,5
DA:68,5
DA:71,5
LF:25
LH:25
BRDA:13,0,0,0
BRDA:32,1,0,3
BRDA:38,2,0,18
BRDA:45,3,0,4
BRDA:55,4,0,3
BRDA:61,5,0,4
BRDA:64,6,0,0
BRDA:67,7,0,5
BRF:8
BRH:6
end_of_record
TN:
SF:src\index.ts
FNF:0
FNH:0
DA:1,1
DA:2,1
LF:2
LH:2
BRF:0
BRH:0
end_of_record
TN:
SF:src\types\index.ts
FNF:0
FNH:0
DA:1,1
LF:1
LH:1
BRF:0
BRH:0
end_of_record
